#
# A fatal error has been detected by the Java Runtime Environment:
#
#  Internal Error (javaClasses.cpp:129), pid=3592, tid=2792
#  fatal error: Invalid layout of preloaded class
#
# JRE version: 7.0_25-b17
# Java VM: Java HotSpot(TM) 64-Bit Server VM (23.25-b01 mixed mode windows-amd64 compressed oops)
# Failed to write core dump. Minidumps are not enabled by default on client versions of Windows
#
# If you would like to submit a bug report, please visit:
#   http://bugreport.sun.com/bugreport/crash.jsp
#

---------------  T H R E A D  ---------------

Current thread (0x000000000021d000):  JavaThread "Unknown thread" [_thread_in_vm, id=2792, stack(0x00000000021a0000,0x00000000022a0000)]

Stack: [0x00000000021a0000,0x00000000022a0000]

---------------  P R O C E S S  ---------------

Java Threads: ( => current thread )

Other Threads:

=>0x000000000021d000 (exited) JavaThread "Unknown thread" [_thread_in_vm, id=2792, stack(0x00000000021a0000,0x00000000022a0000)]

VM state:not at safepoint (not fully initialized)

VM Mutex/Monitor currently owned by a thread: None

GC Heap History (0 events):
No events

Deoptimization events (0 events):
No events

Internal exceptions (0 events):
No events

Events (10 events):
Event: 0.021 loading class 0x0000000001e404b0 done
Event: 0.022 loading class 0x0000000001e028e0 done
Event: 0.022 loading class 0x0000000001e028b0
Event: 0.022 loading class 0x0000000001e95300
Event: 0.022 loading class 0x0000000001e95300 done
Event: 0.022 loading class 0x0000000001e95340
Event: 0.022 loading class 0x0000000001e95340 done
Event: 0.022 loading class 0x0000000009cce8f0
Event: 0.023 loading class 0x0000000009cce8f0 done
Event: 0.023 loading class 0x0000000001e028b0 done


Dynamic libraries:
0x000000013f980000 - 0x000000013f9b3000 	C:\Program Files\Java\jre7\bin\javaw.exe
0x0000000076d50000 - 0x0000000076ef9000 	C:\windows\SYSTEM32\ntdll.dll
0x0000000076b30000 - 0x0000000076c4f000 	C:\windows\system32\kernel32.dll
0x000007fefcbe0000 - 0x000007fefcc4c000 	C:\windows\system32\KERNELBASE.dll
0x000007fefd300000 - 0x000007fefd3db000 	C:\windows\system32\ADVAPI32.dll
0x000007fefec00000 - 0x000007fefec9f000 	C:\windows\system32\msvcrt.dll
0x000007fefe770000 - 0x000007fefe78f000 	C:\windows\SYSTEM32\sechost.dll
0x000007fefe600000 - 0x000007fefe72d000 	C:\windows\system32\RPCRT4.dll
0x0000000076c50000 - 0x0000000076d4a000 	C:\windows\system32\USER32.dll
0x000007fefd290000 - 0x000007fefd2f7000 	C:\windows\system32\GDI32.dll
0x000007fefed20000 - 0x000007fefed2e000 	C:\windows\system32\LPK.dll
0x000007fefede0000 - 0x000007fefeea9000 	C:\windows\system32\USP10.dll
0x000007fefb4a0000 - 0x000007fefb694000 	C:\windows\WinSxS\amd64_microsoft.windows.common-controls_6595b64144ccf1df_6.0.7601.17514_none_fa396087175ac9ac\COMCTL32.dll
0x000007fefe790000 - 0x000007fefe801000 	C:\windows\system32\SHLWAPI.dll
0x000007fefe730000 - 0x000007fefe75e000 	C:\windows\system32\IMM32.DLL
0x000007fefeeb0000 - 0x000007fefefb9000 	C:\windows\system32\MSCTF.dll
0x000000006e610000 - 0x000000006e6e1000 	C:\Program Files\Java\jre7\bin\msvcr100.dll
0x0000000060c50000 - 0x000000006135f000 	C:\Program Files\Java\jre7\bin\server\jvm.dll
0x000007fef8580000 - 0x000007fef8589000 	C:\windows\system32\WSOCK32.dll
0x000007fefed30000 - 0x000007fefed7d000 	C:\windows\system32\WS2_32.dll
0x000007fefe760000 - 0x000007fefe768000 	C:\windows\system32\NSI.dll
0x000007fefa7c0000 - 0x000007fefa7fb000 	C:\windows\system32\WINMM.dll
0x0000000076f10000 - 0x0000000076f17000 	C:\windows\system32\PSAPI.DLL
0x000000006fc80000 - 0x000000006fc8f000 	C:\Program Files\Java\jre7\bin\verify.dll
0x000000006e700000 - 0x000000006e728000 	C:\Program Files\Java\jre7\bin\java.dll
0x000000006e5f0000 - 0x000000006e605000 	C:\Program Files\Java\jre7\bin\zip.dll

VM Arguments:
jvm_args: -Dfile.encoding=Cp1252 -Xbootclasspath:C:\Users\sahil\android-sdks\platforms\android-19\android.jar 
java_command: com.example.wifisignalstrength.WriteExcel
Launcher Type: SUN_STANDARD

Environment Variables:
JAVA_HOME=C:\Program Files\Java\jdk1.7.0_25
PATH=C:\Program Files (x86)\PC Connectivity Solution\;C:\Program Files\Common Files\Microsoft Shared\Windows Live;C:\Program Files (x86)\Common Files\Microsoft Shared\Windows Live;C:\windows\system32;C:\windows;C:\windows\System32\Wbem;C:\windows\System32\WindowsPowerShell\v1.0\;C:\Program Files\Intel\WiFi\bin\;C:\Program Files\Common Files\Intel\WirelessCommon\;c:\Program Files (x86)\Common Files\Roxio Shared\OEM\DLLShared\;c:\Program Files (x86)\Common Files\Roxio Shared\OEM\DLLShared\;c:\Program Files (x86)\Common Files\Roxio Shared\OEM\12.0\DLLShared\;c:\Program Files (x86)\Roxio\OEM\AudioCore\;C:\Program Files (x86)\Windows Live\Shared;C:\Program Files (x86)\Microsoft SQL Server\100\Tools\Binn\;C:\Program Files\Microsoft SQL Server\100\Tools\Binn\;C:\Program Files\Microsoft SQL Server\100\DTS\Binn\;C:\Program Files (x86)\Microsoft SQL Server\100\Tools\Binn\VSShell\Common7\IDE\;C:\Program Files (x86)\Microsoft SQL Server\100\DTS\Binn\;C:\Program Files (x86)\Microsoft Visual Studio 9.0\Common7\IDE\PrivateAssemblies\;C:\apache-tomcat-7.0.42-windows-x64\apache-tomcat-7.0.42\bin;C:\Program Files\Java\jdk1.7.0_25\bin;C:\Users\sahil\Downloads\adt-bundle-windows-x86_64-20131030\adt-bundle-windows-x86_64-20131030\sdk\tools\;F:\Program Files\MATLAB\R2014a\bin;C:\Program Files (x86)\Nmap;C:\Users\sahil\Downloads\Compressed\apache-maven-3.1.0-alpha-1-bin\apache-maven-3.1.0-alpha-1\bin;C:\Program Files\Java\jdk1.7.0_25\bin
USERNAME=sahil
OS=Windows_NT
PROCESSOR_IDENTIFIER=Intel64 Family 6 Model 42 Stepping 7, GenuineIntel



---------------  S Y S T E M  ---------------

OS: Windows 7 , 64 bit Build 7601 Service Pack 1

CPU:total 4 (2 cores per cpu, 2 threads per core) family 6 model 42 stepping 7, cmov, cx8, fxsr, mmx, sse, sse2, sse3, ssse3, sse4.1, sse4.2, popcnt, avx, ht, tsc, tscinvbit

Memory: 4k page, physical 6196408k(2027656k free), swap 12390952k(7395004k free)

vm_info: Java HotSpot(TM) 64-Bit Server VM (23.25-b01) for windows-amd64 JRE (1.7.0_25-b17), built on Jun 21 2013 12:58:32 by "java_re" with unknown MS VC++:1600

time: Fri Jun 13 21:07:48 2014
elapsed time: 0 seconds

